<?xml version="1.0" encoding="UTF-8"?>
<testng-results ignored="0" total="1" passed="1" failed="0" skipped="0">
  <reporter-output>
  </reporter-output>
  <suite started-at="2019-08-09T20:11:04 MSK" name="Default Suite" finished-at="2019-08-09T20:11:10 MSK" duration-ms="6390">
    <groups>
    </groups>
    <test started-at="2019-08-09T20:11:04 MSK" name="sandbox" finished-at="2019-08-09T20:11:10 MSK" duration-ms="6390">
      <class name="ru.qa.igor.addressbook.GroupCreationTests">
        <test-method is-config="true" signature="setUp()[pri:0, instance:ru.qa.igor.addressbook.GroupCreationTests@73163d48]" started-at="2019-08-09T20:11:04 MSK" name="setUp" finished-at="2019-08-09T20:11:07 MSK" duration-ms="3110" status="PASS">
          <reporter-output>
          </reporter-output>
        </test-method> <!-- setUp -->
        <test-method signature="testUntitledTestCase()[pri:0, instance:ru.qa.igor.addressbook.GroupCreationTests@73163d48]" started-at="2019-08-09T20:11:07 MSK" name="testUntitledTestCase" finished-at="2019-08-09T20:11:09 MSK" duration-ms="2563" status="PASS">
          <reporter-output>
          </reporter-output>
        </test-method> <!-- testUntitledTestCase -->
        <test-method is-config="true" signature="tearDown()[pri:0, instance:ru.qa.igor.addressbook.GroupCreationTests@73163d48]" started-at="2019-08-09T20:11:09 MSK" name="tearDown" finished-at="2019-08-09T20:11:10 MSK" duration-ms="694" status="PASS">
          <reporter-output>
          </reporter-output>
        </test-method> <!-- tearDown -->
      </class> <!-- ru.qa.igor.addressbook.GroupCreationTests -->
    </test> <!-- sandbox -->
  </suite> <!-- Default Suite -->
</testng-results>
